  pch.cpp
  dllmain.cpp
  HelloWorld.cpp
C:\Technical\Celestial_Tracker\C_Types_Hello_World\C_Types_Hello_World\HelloWorld.cpp(10,1): warning C4273: 'Geek::Geek': inconsistent dll linkage
C:\Technical\Celestial_Tracker\C_Types_Hello_World\C_Types_Hello_World\HelloWorld.h(12,5): message : see previous definition of '{ctor}'
C:\Technical\Celestial_Tracker\C_Types_Hello_World\C_Types_Hello_World\HelloWorld.cpp(15,1): warning C4273: 'Geek::update': inconsistent dll linkage
C:\Technical\Celestial_Tracker\C_Types_Hello_World\C_Types_Hello_World\HelloWorld.h(14,10): message : see previous definition of 'update'
C:\Technical\Celestial_Tracker\C_Types_Hello_World\C_Types_Hello_World\HelloWorld.cpp(21,1): warning C4273: 'Geek::getVar': inconsistent dll linkage
C:\Technical\Celestial_Tracker\C_Types_Hello_World\C_Types_Hello_World\HelloWorld.h(15,9): message : see previous definition of 'getVar'
C:\Technical\Celestial_Tracker\C_Types_Hello_World\C_Types_Hello_World\HelloWorld.cpp(26,1): warning C4273: 'Geek::initVar': inconsistent dll linkage
C:\Technical\Celestial_Tracker\C_Types_Hello_World\C_Types_Hello_World\HelloWorld.h(16,10): message : see previous definition of 'initVar'
C:\Technical\Celestial_Tracker\C_Types_Hello_World\C_Types_Hello_World\HelloWorld.cpp(32,1): warning C4273: 'helloWorld': inconsistent dll linkage
C:\Technical\Celestial_Tracker\C_Types_Hello_World\C_Types_Hello_World\HelloWorld.h(22,32): message : see previous definition of 'helloWorld'
C:\Technical\Celestial_Tracker\C_Types_Hello_World\C_Types_Hello_World\HelloWorld.cpp(44,1): warning C4273: 'sum': inconsistent dll linkage
C:\Technical\Celestial_Tracker\C_Types_Hello_World\C_Types_Hello_World\HelloWorld.h(24,31): message : see previous definition of 'sum'
C:\Technical\Celestial_Tracker\C_Types_Hello_World\C_Types_Hello_World\HelloWorld.cpp(51,1): warning C4273: 'initialize': inconsistent dll linkage
C:\Technical\Celestial_Tracker\C_Types_Hello_World\C_Types_Hello_World\HelloWorld.h(26,32): message : see previous definition of 'initialize'
C:\Technical\Celestial_Tracker\C_Types_Hello_World\C_Types_Hello_World\HelloWorld.cpp(57,1): warning C4273: 'update': inconsistent dll linkage
C:\Technical\Celestial_Tracker\C_Types_Hello_World\C_Types_Hello_World\HelloWorld.h(28,31): message : see previous definition of 'update'
     Creating library C:\Technical\Celestial_Tracker\C_Types_Hello_World\x64\Release\C_Types_Hello_World.lib and object C:\Technical\Celestial_Tracker\C_Types_Hello_World\x64\Release\C_Types_Hello_World.exp
  Generating code
  Previous IPDB not found, fall back to full compilation.
  All 21 functions were compiled because no usable IPDB/IOBJ from previous compilation was found.
  Finished generating code
  C_Types_Hello_World.vcxproj -> C:\Technical\Celestial_Tracker\C_Types_Hello_World\x64\Release\C_Types_Hello_World.dll
